2019-12-13 09:38:37,224 INFO (StartupInfoLogger.java:50)- Starting TdApplication on DESKTOP-JC3OSEG with PID 23360 (started by 张育 in C:\Users\张育\git\TD)
2019-12-13 09:38:37,237 DEBUG (StartupInfoLogger.java:53)- Running with Spring Boot v2.1.7.RELEASE, Spring v5.1.9.RELEASE
2019-12-13 09:38:37,237 INFO (SpringApplication.java:651)- The following profiles are active: dev
2019-12-13 09:38:44,149 INFO (StartupInfoLogger.java:59)- Started TdApplication in 7.569 seconds (JVM running for 8.332)
2019-12-13 09:38:44,159 INFO (TdApplication.java:46)- ========================启动成功==============================
2019-12-13 09:39:54,381 INFO (StartupInfoLogger.java:50)- Starting TdApplication on DESKTOP-JC3OSEG with PID 12864 (started by 张育 in C:\Users\张育\git\TD)
2019-12-13 09:39:54,387 DEBUG (StartupInfoLogger.java:53)- Running with Spring Boot v2.1.7.RELEASE, Spring v5.1.9.RELEASE
2019-12-13 09:39:54,387 INFO (SpringApplication.java:651)- The following profiles are active: dev
2019-12-13 09:40:00,855 INFO (StartupInfoLogger.java:59)- Started TdApplication in 7.105 seconds (JVM running for 7.864)
2019-12-13 09:40:00,866 INFO (TdApplication.java:46)- ========================启动成功==============================
2019-12-13 14:59:09,965 INFO (StartupInfoLogger.java:50)- Starting TdApplication on DESKTOP-JC3OSEG with PID 11124 (started by 张育 in C:\Users\张育\git\TD)
2019-12-13 14:59:09,999 DEBUG (StartupInfoLogger.java:53)- Running with Spring Boot v2.1.7.RELEASE, Spring v5.1.9.RELEASE
2019-12-13 14:59:10,000 INFO (SpringApplication.java:651)- The following profiles are active: dev
2019-12-13 14:59:15,385 INFO (StartupInfoLogger.java:59)- Started TdApplication in 5.967 seconds (JVM running for 6.597)
2019-12-13 14:59:15,398 INFO (TdApplication.java:46)- ========================启动成功==============================
2019-12-13 15:05:29,706 INFO (StartupInfoLogger.java:50)- Starting TdApplication on DESKTOP-JC3OSEG with PID 22196 (started by 张育 in C:\Users\张育\git\TD)
2019-12-13 15:05:29,709 DEBUG (StartupInfoLogger.java:53)- Running with Spring Boot v2.1.7.RELEASE, Spring v5.1.9.RELEASE
2019-12-13 15:05:29,709 INFO (SpringApplication.java:651)- The following profiles are active: dev
2019-12-13 15:05:35,179 INFO (StartupInfoLogger.java:59)- Started TdApplication in 5.923 seconds (JVM running for 6.589)
2019-12-13 15:05:35,191 INFO (TdApplication.java:46)- ========================启动成功==============================
