2019-12-19 09:36:30,090 INFO (StartupInfoLogger.java:50)- Starting TdApplication on DESKTOP-JC3OSEG with PID 1720 (F:\TD\TD\target\classes started by 张育 in F:\TD\TD)
2019-12-19 09:36:30,095 DEBUG (StartupInfoLogger.java:53)- Running with Spring Boot v2.1.7.RELEASE, Spring v5.1.9.RELEASE
2019-12-19 09:36:30,095 INFO (SpringApplication.java:651)- The following profiles are active: dev
2019-12-19 09:36:37,517 INFO (StartupInfoLogger.java:59)- Started TdApplication in 8.532 seconds (JVM running for 10.688)
2019-12-19 09:36:37,530 INFO (TdApplication.java:46)- ========================启动成功==============================
2019-12-19 09:40:56,154 DEBUG (BaseJdbcLogger.java:143)- ==>  Preparing: SELECT username,password,phone_num,salt,wechat_open_id,name,nickname,status,head_img,created_time,update_time,pkid FROM t_user_login WHERE username = ? 
2019-12-19 09:40:56,179 DEBUG (BaseJdbcLogger.java:143)- ==> Parameters: 13945678911(String)
2019-12-19 09:40:56,201 DEBUG (BaseJdbcLogger.java:143)- <==      Total: 1
2019-12-19 09:40:56,231 DEBUG (BaseJdbcLogger.java:143)- ==>  Preparing: select pkid,username, phone_num as phoneNum, `name`, status,head_img as headImg, nickname from t_user_login where username = ? 
2019-12-19 09:40:56,236 DEBUG (BaseJdbcLogger.java:143)- ==> Parameters: 13945678911(String)
2019-12-19 09:40:56,239 DEBUG (BaseJdbcLogger.java:143)- <==      Total: 1
2019-12-19 10:28:02,145 INFO (StartupInfoLogger.java:50)- Starting TdApplication on DESKTOP-JC3OSEG with PID 636 (F:\TD\TD\target\classes started by 张育 in F:\TD\TD)
2019-12-19 10:28:02,171 DEBUG (StartupInfoLogger.java:53)- Running with Spring Boot v2.1.7.RELEASE, Spring v5.1.9.RELEASE
2019-12-19 10:28:02,172 INFO (SpringApplication.java:651)- The following profiles are active: dev
2019-12-19 10:28:07,739 INFO (StartupInfoLogger.java:59)- Started TdApplication in 6.473 seconds (JVM running for 7.2)
2019-12-19 10:28:07,749 INFO (TdApplication.java:46)- ========================启动成功==============================
2019-12-19 10:36:13,038 INFO (StartupInfoLogger.java:50)- Starting TdApplication on DESKTOP-JC3OSEG with PID 16736 (F:\TD\TD\target\classes started by 张育 in F:\TD\TD)
2019-12-19 10:36:13,041 DEBUG (StartupInfoLogger.java:53)- Running with Spring Boot v2.1.7.RELEASE, Spring v5.1.9.RELEASE
2019-12-19 10:36:13,042 INFO (SpringApplication.java:651)- The following profiles are active: dev
2019-12-19 10:36:20,734 INFO (StartupInfoLogger.java:59)- Started TdApplication in 8.104 seconds (JVM running for 8.793)
2019-12-19 10:36:20,772 INFO (TdApplication.java:46)- ========================启动成功==============================
2019-12-19 10:42:22,247 INFO (StartupInfoLogger.java:50)- Starting TdApplication on DESKTOP-JC3OSEG with PID 12356 (F:\TD\TD\target\classes started by 张育 in F:\TD\TD)
2019-12-19 10:42:22,249 DEBUG (StartupInfoLogger.java:53)- Running with Spring Boot v2.1.7.RELEASE, Spring v5.1.9.RELEASE
2019-12-19 10:42:22,250 INFO (SpringApplication.java:651)- The following profiles are active: dev
2019-12-19 10:42:30,574 INFO (StartupInfoLogger.java:59)- Started TdApplication in 8.731 seconds (JVM running for 9.362)
2019-12-19 10:42:30,603 INFO (TdApplication.java:46)- ========================启动成功==============================
2019-12-19 14:21:29,063 DEBUG (BaseJdbcLogger.java:143)- ==>  Preparing: SELECT username,password,phone_num,salt,wechat_open_id,name,nickname,status,head_img,created_time,update_time,pkid FROM t_user_login WHERE username = ? 
2019-12-19 14:21:29,064 DEBUG (BaseJdbcLogger.java:143)- ==>  Preparing: SELECT username,password,phone_num,salt,wechat_open_id,name,nickname,status,head_img,created_time,update_time,pkid FROM t_user_login WHERE username = ? 
2019-12-19 14:21:29,116 DEBUG (BaseJdbcLogger.java:143)- ==> Parameters: 13945678911(String)
2019-12-19 14:21:29,116 DEBUG (BaseJdbcLogger.java:143)- ==> Parameters: 13945678911(String)
2019-12-19 14:21:29,137 DEBUG (BaseJdbcLogger.java:143)- <==      Total: 1
2019-12-19 14:21:29,138 DEBUG (BaseJdbcLogger.java:143)- <==      Total: 1
2019-12-19 14:21:29,156 DEBUG (BaseJdbcLogger.java:143)- ==>  Preparing: select pkid,username, phone_num as phoneNum, `name`, status,head_img as headImg, nickname from t_user_login where username = ? 
2019-12-19 14:21:29,156 DEBUG (BaseJdbcLogger.java:143)- ==>  Preparing: select pkid,username, phone_num as phoneNum, `name`, status,head_img as headImg, nickname from t_user_login where username = ? 
2019-12-19 14:21:29,160 DEBUG (BaseJdbcLogger.java:143)- ==> Parameters: 13945678911(String)
2019-12-19 14:21:29,160 DEBUG (BaseJdbcLogger.java:143)- ==> Parameters: 13945678911(String)
2019-12-19 14:21:29,161 DEBUG (BaseJdbcLogger.java:143)- <==      Total: 1
2019-12-19 14:21:29,162 DEBUG (BaseJdbcLogger.java:143)- <==      Total: 1
2019-12-19 14:26:43,119 DEBUG (BaseJdbcLogger.java:143)- ==>  Preparing: SELECT username,password,phone_num,salt,wechat_open_id,name,nickname,status,head_img,created_time,update_time,pkid FROM t_user_login WHERE username = ? 
2019-12-19 14:26:43,124 DEBUG (BaseJdbcLogger.java:143)- ==> Parameters: 13945678911(String)
2019-12-19 14:26:43,126 DEBUG (BaseJdbcLogger.java:143)- <==      Total: 1
2019-12-19 14:26:43,129 DEBUG (BaseJdbcLogger.java:143)- ==>  Preparing: select pkid,username, phone_num as phoneNum, `name`, status,head_img as headImg, nickname from t_user_login where username = ? 
2019-12-19 14:26:43,133 DEBUG (BaseJdbcLogger.java:143)- ==> Parameters: 13945678911(String)
2019-12-19 14:26:43,134 DEBUG (BaseJdbcLogger.java:143)- <==      Total: 1
2019-12-19 14:26:53,528 DEBUG (BaseJdbcLogger.java:143)- ==>  Preparing: SELECT username,password,phone_num,salt,wechat_open_id,name,nickname,status,head_img,created_time,update_time,pkid FROM t_user_login WHERE username = ? 
2019-12-19 14:26:53,533 DEBUG (BaseJdbcLogger.java:143)- ==> Parameters: 13945678911(String)
2019-12-19 14:26:53,535 DEBUG (BaseJdbcLogger.java:143)- <==      Total: 1
2019-12-19 14:26:53,538 DEBUG (BaseJdbcLogger.java:143)- ==>  Preparing: select pkid,username, phone_num as phoneNum, `name`, status,head_img as headImg, nickname from t_user_login where username = ? 
2019-12-19 14:26:53,544 DEBUG (BaseJdbcLogger.java:143)- ==> Parameters: 13945678911(String)
2019-12-19 14:26:53,546 DEBUG (BaseJdbcLogger.java:143)- <==      Total: 1
2019-12-19 14:28:07,747 DEBUG (BaseJdbcLogger.java:143)- ==>  Preparing: SELECT username,password,phone_num,salt,wechat_open_id,name,nickname,status,head_img,created_time,update_time,pkid FROM t_user_login WHERE username = ? 
2019-12-19 14:28:07,755 DEBUG (BaseJdbcLogger.java:143)- ==> Parameters: 13945678911(String)
2019-12-19 14:28:07,760 DEBUG (BaseJdbcLogger.java:143)- <==      Total: 1
2019-12-19 14:28:07,764 DEBUG (BaseJdbcLogger.java:143)- ==>  Preparing: select pkid,username, phone_num as phoneNum, `name`, status,head_img as headImg, nickname from t_user_login where username = ? 
2019-12-19 14:28:07,768 DEBUG (BaseJdbcLogger.java:143)- ==> Parameters: 13945678911(String)
2019-12-19 14:28:07,769 DEBUG (BaseJdbcLogger.java:143)- <==      Total: 1
2019-12-19 14:54:13,068 INFO (StartupInfoLogger.java:50)- Starting TdApplication on DESKTOP-JC3OSEG with PID 248 (F:\TD\TD\target\classes started by 张育 in F:\TD\TD)
2019-12-19 14:54:13,071 DEBUG (StartupInfoLogger.java:53)- Running with Spring Boot v2.1.7.RELEASE, Spring v5.1.9.RELEASE
2019-12-19 14:54:13,071 INFO (SpringApplication.java:651)- The following profiles are active: dev
2019-12-19 14:54:18,753 INFO (StartupInfoLogger.java:59)- Started TdApplication in 6.121 seconds (JVM running for 6.75)
2019-12-19 14:54:18,761 INFO (TdApplication.java:46)- ========================启动成功==============================
2019-12-19 14:58:57,015 INFO (StartupInfoLogger.java:50)- Starting TdApplication on DESKTOP-JC3OSEG with PID 928 (F:\TD\TD\target\classes started by 张育 in F:\TD\TD)
2019-12-19 14:58:57,019 DEBUG (StartupInfoLogger.java:53)- Running with Spring Boot v2.1.7.RELEASE, Spring v5.1.9.RELEASE
2019-12-19 14:58:57,019 INFO (SpringApplication.java:651)- The following profiles are active: dev
2019-12-19 14:59:02,300 INFO (StartupInfoLogger.java:59)- Started TdApplication in 5.714 seconds (JVM running for 6.336)
2019-12-19 14:59:02,310 INFO (TdApplication.java:46)- ========================启动成功==============================
2019-12-19 15:24:47,145 DEBUG (BaseJdbcLogger.java:143)- ==>  Preparing: SELECT username,password,phone_num,salt,wechat_open_id,name,nickname,status,head_img,created_time,update_time,pkid FROM t_user_login WHERE username = ? 
2019-12-19 15:24:47,168 DEBUG (BaseJdbcLogger.java:143)- ==> Parameters: 13945678911(String)
2019-12-19 15:24:47,180 DEBUG (BaseJdbcLogger.java:143)- <==      Total: 1
2019-12-19 15:24:47,188 DEBUG (BaseJdbcLogger.java:143)- ==>  Preparing: select pkid,username, phone_num as phoneNum, `name`, status,head_img as headImg, nickname from t_user_login where username = ? 
2019-12-19 15:24:47,191 DEBUG (BaseJdbcLogger.java:143)- ==> Parameters: 13945678911(String)
2019-12-19 15:24:47,193 DEBUG (BaseJdbcLogger.java:143)- <==      Total: 1
2019-12-19 15:26:15,273 DEBUG (BaseJdbcLogger.java:143)- ==>  Preparing: SELECT username,password,phone_num,salt,wechat_open_id,name,nickname,status,head_img,created_time,update_time,pkid FROM t_user_login WHERE username = ? 
2019-12-19 15:26:15,276 DEBUG (BaseJdbcLogger.java:143)- ==> Parameters: 13945678911(String)
2019-12-19 15:26:15,279 DEBUG (BaseJdbcLogger.java:143)- <==      Total: 1
2019-12-19 15:26:15,281 DEBUG (BaseJdbcLogger.java:143)- ==>  Preparing: select pkid,username, phone_num as phoneNum, `name`, status,head_img as headImg, nickname from t_user_login where username = ? 
2019-12-19 15:26:15,284 DEBUG (BaseJdbcLogger.java:143)- ==> Parameters: 13945678911(String)
2019-12-19 15:26:15,286 DEBUG (BaseJdbcLogger.java:143)- <==      Total: 1
2019-12-19 16:50:37,919 INFO (StartupInfoLogger.java:50)- Starting TdApplication on DESKTOP-JC3OSEG with PID 19804 (F:\TD\TD\target\classes started by 张育 in F:\TD\TD)
2019-12-19 16:50:37,921 DEBUG (StartupInfoLogger.java:53)- Running with Spring Boot v2.1.7.RELEASE, Spring v5.1.9.RELEASE
2019-12-19 16:50:37,922 INFO (SpringApplication.java:651)- The following profiles are active: dev
2019-12-19 16:50:42,821 INFO (StartupInfoLogger.java:59)- Started TdApplication in 5.346 seconds (JVM running for 5.942)
2019-12-19 16:50:42,829 INFO (TdApplication.java:46)- ========================启动成功==============================
